{"C:\\Users\\d.dias\\Documents\\Projetos\\stone-react-spa-base\\components\\atoms\\text.component.tsx": {"path":"C:\\Users\\d.dias\\Documents\\Projetos\\stone-react-spa-base\\components\\atoms\\text.component.tsx","statementMap":{"0":{"start":{"line":7,"column":46},"end":{"line":20,"column":1}},"1":{"start":{"line":8,"column":33},"end":{"line":8,"column":38}},"2":{"start":{"line":10,"column":21},"end":{"line":17,"column":3}},"3":{"start":{"line":11,"column":4},"end":{"line":16,"column":5}},"4":{"start":{"line":13,"column":8},"end":{"line":13,"column":39}},"5":{"start":{"line":15,"column":8},"end":{"line":15,"column":33}},"6":{"start":{"line":19,"column":2},"end":{"line":19,"column":30}}},"fnMap":{"0":{"name":"(anonymous_0)","decl":{"start":{"line":7,"column":46},"end":{"line":7,"column":47}},"loc":{"start":{"line":7,"column":62},"end":{"line":20,"column":1}},"line":7},"1":{"name":"(anonymous_1)","decl":{"start":{"line":10,"column":21},"end":{"line":10,"column":22}},"loc":{"start":{"line":10,"column":43},"end":{"line":17,"column":3}},"line":10}},"branchMap":{"0":{"loc":{"start":{"line":11,"column":4},"end":{"line":16,"column":5}},"type":"switch","locations":[{"start":{"line":12,"column":6},"end":{"line":13,"column":39}},{"start":{"line":14,"column":6},"end":{"line":15,"column":33}}],"line":11}},"s":{"0":1,"1":2,"2":2,"3":2,"4":1,"5":1,"6":2},"f":{"0":2,"1":2},"b":{"0":[1,1]},"_coverageSchema":"43e27e138ebf9cfc5966b082cf9a028302ed4184","hash":"32925a35e6d121409e009b3282290ad6598029ba"}
}
