{"C:\\Users\\d.dias\\Documents\\Projetos\\stone-react-spa-base\\src\\components\\atoms\\text.component.tsx": {"path":"C:\\Users\\d.dias\\Documents\\Projetos\\stone-react-spa-base\\src\\components\\atoms\\text.component.tsx","statementMap":{"0":{"start":{"line":8,"column":46},"end":{"line":22,"column":1}},"1":{"start":{"line":9,"column":2},"end":{"line":9,"column":20}},"2":{"start":{"line":10,"column":33},"end":{"line":10,"column":38}},"3":{"start":{"line":12,"column":21},"end":{"line":19,"column":3}},"4":{"start":{"line":13,"column":4},"end":{"line":18,"column":5}},"5":{"start":{"line":15,"column":8},"end":{"line":15,"column":68}},"6":{"start":{"line":17,"column":8},"end":{"line":17,"column":62}},"7":{"start":{"line":21,"column":2},"end":{"line":21,"column":30}}},"fnMap":{"0":{"name":"(anonymous_0)","decl":{"start":{"line":8,"column":46},"end":{"line":8,"column":47}},"loc":{"start":{"line":8,"column":62},"end":{"line":22,"column":1}},"line":8},"1":{"name":"(anonymous_1)","decl":{"start":{"line":12,"column":21},"end":{"line":12,"column":22}},"loc":{"start":{"line":12,"column":44},"end":{"line":19,"column":3}},"line":12}},"branchMap":{"0":{"loc":{"start":{"line":13,"column":4},"end":{"line":18,"column":5}},"type":"switch","locations":[{"start":{"line":14,"column":6},"end":{"line":15,"column":68}},{"start":{"line":16,"column":6},"end":{"line":17,"column":62}}],"line":13}},"s":{"0":1,"1":3,"2":3,"3":3,"4":3,"5":1,"6":2,"7":3},"f":{"0":3,"1":3},"b":{"0":[1,2]},"_coverageSchema":"43e27e138ebf9cfc5966b082cf9a028302ed4184","hash":"070c048b2fabfc448546031f6c07a2cb43cfb3dc"}
,"C:\\Users\\d.dias\\Documents\\Projetos\\stone-react-spa-base\\src\\components\\atoms\\title.component.tsx": {"path":"C:\\Users\\d.dias\\Documents\\Projetos\\stone-react-spa-base\\src\\components\\atoms\\title.component.tsx","statementMap":{"0":{"start":{"line":7,"column":47},"end":{"line":24,"column":1}},"1":{"start":{"line":8,"column":34},"end":{"line":8,"column":39}},"2":{"start":{"line":10,"column":22},"end":{"line":21,"column":3}},"3":{"start":{"line":11,"column":4},"end":{"line":20,"column":5}},"4":{"start":{"line":13,"column":8},"end":{"line":13,"column":35}},"5":{"start":{"line":15,"column":8},"end":{"line":15,"column":35}},"6":{"start":{"line":17,"column":8},"end":{"line":17,"column":35}},"7":{"start":{"line":19,"column":8},"end":{"line":19,"column":35}},"8":{"start":{"line":23,"column":2},"end":{"line":23,"column":32}}},"fnMap":{"0":{"name":"(anonymous_0)","decl":{"start":{"line":7,"column":47},"end":{"line":7,"column":48}},"loc":{"start":{"line":7,"column":63},"end":{"line":24,"column":1}},"line":7},"1":{"name":"(anonymous_1)","decl":{"start":{"line":10,"column":22},"end":{"line":10,"column":23}},"loc":{"start":{"line":10,"column":46},"end":{"line":21,"column":3}},"line":10}},"branchMap":{"0":{"loc":{"start":{"line":11,"column":4},"end":{"line":20,"column":5}},"type":"switch","locations":[{"start":{"line":12,"column":6},"end":{"line":13,"column":35}},{"start":{"line":14,"column":6},"end":{"line":15,"column":35}},{"start":{"line":16,"column":6},"end":{"line":17,"column":35}},{"start":{"line":18,"column":6},"end":{"line":19,"column":35}}],"line":11}},"s":{"0":1,"1":4,"2":4,"3":4,"4":1,"5":1,"6":1,"7":1,"8":4},"f":{"0":4,"1":4},"b":{"0":[1,1,1,1]},"_coverageSchema":"43e27e138ebf9cfc5966b082cf9a028302ed4184","hash":"688aaf3db55d09c7081795cc2182e213a7356d98"}
}
