TN:
SF:C:\Users\d.dias\Documents\Projetos\stone-react-spa-base\src\components\atoms\text.component.tsx
FN:8,(anonymous_0)
FN:12,(anonymous_1)
FNF:2
FNH:2
FNDA:3,(anonymous_0)
FNDA:3,(anonymous_1)
DA:8,1
DA:9,3
DA:10,3
DA:12,3
DA:13,3
DA:15,1
DA:17,2
DA:21,3
LF:8
LH:8
BRDA:13,0,0,1
BRDA:13,0,1,2
BRF:2
BRH:2
end_of_record
TN:
SF:C:\Users\d.dias\Documents\Projetos\stone-react-spa-base\src\components\atoms\title.component.tsx
FN:7,(anonymous_0)
FN:10,(anonymous_1)
FNF:2
FNH:2
FNDA:4,(anonymous_0)
FNDA:4,(anonymous_1)
DA:7,1
DA:8,4
DA:10,4
DA:11,4
DA:13,1
DA:15,1
DA:17,1
DA:19,1
DA:23,4
LF:9
LH:9
BRDA:11,0,0,1
BRDA:11,0,1,1
BRDA:11,0,2,1
BRDA:11,0,3,1
BRF:4
BRH:4
end_of_record
